<?xml version="1.0" encoding="UTF-8"?>
<!-- Generated by org.testng.reporters.JUnitXMLReporter -->
<testsuite hostname="RSI1538" ignored="0" name="Automação Utilizando TDD" tests="6" failures="0" timestamp="2020-01-27T14:15:48 BRT" time="91.751" errors="0">
  <testcase name="BuscarCliqueFalha" time="4.807" classname="br.com.rsinet.HUB_TDD.teste.TesteBuscaCliqueFalha"/>
  <testcase name="buscaCliqueSucesso" time="3.495" classname="br.com.rsinet.HUB_TDD.teste.TesteBuscaCliqueSucesso"/>
  <testcase name="buscarLupaFalha" time="2.367" classname="br.com.rsinet.HUB_TDD.teste.TesteBuscarLupaFalha"/>
  <testcase name="buscarLupaSucesso" time="3.329" classname="br.com.rsinet.HUB_TDD.teste.TesteBuscarLupaSucesso"/>
  <testcase name="cadastrarFalha" time="2.508" classname="br.com.rsinet.HUB_TDD.teste.TesteCadastrarFalha"/>
  <testcase name="cadastrar" time="3.017" classname="br.com.rsinet.HUB_TDD.teste.TesteCadastrarSucesso"/>
</testsuite> <!-- Automação Utilizando TDD -->
