<?xml version="1.0" encoding="UTF-8"?>
<!-- Generated by org.testng.reporters.JUnitXMLReporter -->
<testsuite hostname="RSI1538" ignored="0" name="Default test" tests="2" failures="0" timestamp="2020-02-19T11:46:57 BRT" time="33.077" errors="0">
  <testcase name="BuscarCliqueFalha" time="5.473" classname="br.com.rsinet.hub.tdd.Teste.TesteBuscaClique"/>
  <testcase name="buscaCliqueSucesso" time="4.092" classname="br.com.rsinet.hub.tdd.Teste.TesteBuscaClique"/>
</testsuite> <!-- Default test -->
