<?xml version="1.0" encoding="UTF-8"?>
<testng-results skipped="0" failed="0" ignored="0" total="2" passed="2">
  <reporter-output>
  </reporter-output>
  <suite name="Default suite" duration-ms="33242" started-at="2020-02-19T11:33:08 BRT" finished-at="2020-02-19T11:33:42 BRT">
    <groups>
    </groups>
    <test name="Default test" duration-ms="33242" started-at="2020-02-19T11:33:08 BRT" finished-at="2020-02-19T11:33:42 BRT">
      <class name="br.com.rsinet.hub.tdd.Teste.TesteCadastrar">
        <test-method status="PASS" signature="report()[pri:0, instance:br.com.rsinet.hub.tdd.Teste.TesteCadastrar@1efed156]" name="report" is-config="true" duration-ms="76" started-at="2020-02-19T11:33:08 BRT" finished-at="2020-02-19T11:33:08 BRT">
          <reporter-output>
          </reporter-output>
        </test-method> <!-- report -->
        <test-method status="PASS" signature="carregarSucesso()[pri:0, instance:br.com.rsinet.hub.tdd.Teste.TesteCadastrar@1efed156]" name="carregarSucesso" is-config="true" duration-ms="12845" started-at="2020-02-19T11:33:08 BRT" finished-at="2020-02-19T11:33:21 BRT">
          <reporter-output>
          </reporter-output>
        </test-method> <!-- carregarSucesso -->
        <test-method status="PASS" signature="cadastrarFalha()[pri:0, instance:br.com.rsinet.hub.tdd.Teste.TesteCadastrar@1efed156]" name="cadastrarFalha" duration-ms="2882" started-at="2020-02-19T11:33:21 BRT" finished-at="2020-02-19T11:33:24 BRT">
          <reporter-output>
          </reporter-output>
        </test-method> <!-- cadastrarFalha -->
        <test-method status="PASS" signature="encerrar(org.testng.ITestResult)[pri:0, instance:br.com.rsinet.hub.tdd.Teste.TesteCadastrar@1efed156]" name="encerrar" is-config="true" duration-ms="1035" started-at="2020-02-19T11:33:24 BRT" finished-at="2020-02-19T11:33:25 BRT">
          <params>
            <param index="0">
              <value>
                <![CDATA[[TestResult name=cadastrarFalha status=SUCCESS method=TesteCadastrar.cadastrarFalha()[pri:0, instance:br.com.rsinet.hub.tdd.Teste.TesteCadastrar@1efed156] output={null}]]]>
              </value>
            </param>
          </params>
          <reporter-output>
          </reporter-output>
        </test-method> <!-- encerrar -->
        <test-method status="PASS" signature="carregarSucesso()[pri:0, instance:br.com.rsinet.hub.tdd.Teste.TesteCadastrar@1efed156]" name="carregarSucesso" is-config="true" duration-ms="11799" started-at="2020-02-19T11:33:25 BRT" finished-at="2020-02-19T11:33:37 BRT">
          <reporter-output>
          </reporter-output>
        </test-method> <!-- carregarSucesso -->
        <test-method status="PASS" signature="cadastrarSucesso()[pri:0, instance:br.com.rsinet.hub.tdd.Teste.TesteCadastrar@1efed156]" name="cadastrarSucesso" duration-ms="3412" started-at="2020-02-19T11:33:37 BRT" finished-at="2020-02-19T11:33:40 BRT">
          <reporter-output>
          </reporter-output>
        </test-method> <!-- cadastrarSucesso -->
        <test-method status="PASS" signature="encerrar(org.testng.ITestResult)[pri:0, instance:br.com.rsinet.hub.tdd.Teste.TesteCadastrar@1efed156]" name="encerrar" is-config="true" duration-ms="982" started-at="2020-02-19T11:33:40 BRT" finished-at="2020-02-19T11:33:41 BRT">
          <params>
            <param index="0">
              <value>
                <![CDATA[[TestResult name=cadastrarSucesso status=SUCCESS method=TesteCadastrar.cadastrarSucesso()[pri:0, instance:br.com.rsinet.hub.tdd.Teste.TesteCadastrar@1efed156] output={null}]]]>
              </value>
            </param>
          </params>
          <reporter-output>
          </reporter-output>
        </test-method> <!-- encerrar -->
        <test-method status="PASS" signature="finalizaReporte()[pri:0, instance:br.com.rsinet.hub.tdd.Teste.TesteCadastrar@1efed156]" name="finalizaReporte" is-config="true" duration-ms="182" started-at="2020-02-19T11:33:41 BRT" finished-at="2020-02-19T11:33:42 BRT">
          <reporter-output>
          </reporter-output>
        </test-method> <!-- finalizaReporte -->
      </class> <!-- br.com.rsinet.hub.tdd.Teste.TesteCadastrar -->
    </test> <!-- Default test -->
  </suite> <!-- Default suite -->
</testng-results>
